 Process in group number            1
 A PDF is used, so alpha_s(MZ) is going to be modified
 Old value of alpha_s from param_card:   0.11799999999999999     
  ****************************************
 
       NNPDFDriver version 1.0.3
   Grid: NNPDF23_lo_as_0130_qed_mem0.grid
  ****************************************
 New value of alpha_s from PDF nn23lo1:  0.13000000000000000     
 Define smin to   16266.451599999999     
 Define smin to   16266.451599999999     
 Define smin to   16266.451599999999     
 Define smin to   16266.451599999999     
 Define smin to   16266.451599999999     
 *****************************************************
 *               MadGraph/MadEvent                   *
 *        --------------------------------           *
 *          http://madgraph.hep.uiuc.edu             *
 *          http://madgraph.phys.ucl.ac.be           *
 *          http://madgraph.roma2.infn.it            *
 *        --------------------------------           *
 *                                                   *
 *          PARAMETER AND COUPLING VALUES            *
 *                                                   *
 *****************************************************

  External Params
  ---------------------------------
  
 mdl_MC =    1.2700000000000000     
 mdl_MB =    4.7000000000000002     
 mdl_MT =    172.00000000000000     
 mdl_Me =    5.1099999999999995E-004
 mdl_MM =   0.10566000000000000     
 mdl_MTA =    1.7769999999999999     
 mdl_MZ =    91.188000000000002     
 mdl_MH =    125.00000000000000     
 aEWM1 =    132.50700000000001     
 mdl_Gf =    1.1663900000000000E-005
 aS =   0.11799999999999999     
 mdl_lamWS =   0.22530000000000000     
 mdl_AWS =   0.80800000000000005     
 mdl_rhoWS =   0.13200000000000001     
 mdl_etaWS =   0.34100000000000003     
 mdl_ymc =    1.2700000000000000     
 mdl_ymb =    4.2000000000000002     
 mdl_ymt =    164.50000000000000     
 mdl_yme =    5.1099999999999995E-004
 mdl_ymm =   0.10566000000000000     
 mdl_ymtau =    1.7769999999999999     
 mdl_WT =    1.5083359999999999     
 mdl_WTau =    2.2699999999999998E-012
 mdl_WZ =    2.4414039999999999     
 mdl_WW =    2.0476000000000001     
 mdl_WH =    6.3823389999999999E-003
  Internal Params
  ---------------------------------
  
 mdl_lamWS__exp__2 =    5.0760090000000001E-002
 mdl_CKM1x1 =               (0.97461995499999998,0.0000000000000000)
 mdl_CKM1x2 =               (0.22530000000000000,0.0000000000000000)
 mdl_complexi =                (0.0000000000000000,1.0000000000000000)
 mdl_lamWS__exp__3 =    1.1436248277000001E-002
 mdl_CKM1x3 =   (1.21974449623171223E-003,-3.15100661526525631E-003)
 mdl_CKM2x1 =              (-0.22530000000000000,0.0000000000000000)
 mdl_CKM2x2 =               (0.97461995499999998,0.0000000000000000)
 mdl_CKM2x3 =          (4.10141527200000022E-002,0.0000000000000000)
 mdl_CKM3x1 =   (8.02074411158428847E-003,-3.15100661526525631E-003)
 mdl_CKM3x2 =         (-4.10141527200000022E-002,0.0000000000000000)
 mdl_CKM3x3 =                (1.0000000000000000,0.0000000000000000)
 mdl_MZ__exp__2 =    8315.2513440000002     
 mdl_MZ__exp__4 =    69143404.913893804     
 mdl_sqrt__2 =    1.4142135623730951     
 mdl_MH__exp__2 =    15625.000000000000     
 mdl_conjg__CKM1x3 =    (1.21974449623171223E-003,3.15100661526525631E-003)
 mdl_conjg__CKM2x3 =         (4.10141527200000022E-002,-0.0000000000000000)
 mdl_conjg__CKM3x3 =               (1.0000000000000000,-0.0000000000000000)
 mdl_conjg__CKM2x1 =             (-0.22530000000000000,-0.0000000000000000)
 mdl_conjg__CKM3x1 =    (8.02074411158428847E-003,3.15100661526525631E-003)
 mdl_conjg__CKM2x2 =              (0.97461995499999998,-0.0000000000000000)
 mdl_conjg__CKM3x2 =        (-4.10141527200000022E-002,-0.0000000000000000)
 mdl_conjg__CKM1x1 =              (0.97461995499999998,-0.0000000000000000)
 mdl_conjg__CKM1x2 =              (0.22530000000000000,-0.0000000000000000)
 mdl_aEW =    7.5467711139788835E-003
 mdl_MW =    80.419002445756163     
 mdl_sqrt__aEW =    8.6872153846781555E-002
 mdl_ee =   0.30795376724436879     
 mdl_MW__exp__2 =    6467.2159543705357     
 mdl_sw2 =   0.22224648578577766     
 mdl_cw =   0.88190334743339216     
 mdl_sqrt__sw2 =   0.47143025548407230     
 mdl_sw =   0.47143025548407230     
 mdl_g1 =   0.34919219678733299     
 mdl_gw =   0.65323293034757990     
 mdl_vev =    246.21845810181637     
 mdl_vev__exp__2 =    60623.529110035903     
 mdl_lam =   0.12886910601690263     
 mdl_yb =    2.4123686777011714E-002
 mdl_yc =    7.2945433825725896E-003
 mdl_ye =    2.9350485578697581E-006
 mdl_ym =    6.0688303449025181E-004
 mdl_yt =   0.94484439876629200     
 mdl_ytau =    1.0206617000654717E-002
 mdl_muH =    88.388347648318430     
 mdl_I1x31 =    (2.94247341750777691E-005,7.60138966189508980E-005)
 mdl_I1x32 =          (9.89412573641803173E-004,0.0000000000000000)
 mdl_I1x33 =          (2.41236867770117137E-002,0.0000000000000000)
 mdl_I2x12 =        (-1.64346062409360450E-003,-0.0000000000000000)
 mdl_I2x13 =    (7.57835514776813383E-003,2.97721095090890987E-003)
 mdl_I2x22 =          (7.10940754326844487E-003,0.0000000000000000)
 mdl_I2x23 =        (-3.87519924676372821E-002,-0.0000000000000000)
 mdl_I2x32 =          (2.99179516315497575E-004,0.0000000000000000)
 mdl_I2x33 =               (0.94484439876629200,0.0000000000000000)
 mdl_I3x21 =         (-1.64346062409360450E-003,0.0000000000000000)
 mdl_I3x22 =          (7.10940754326844487E-003,0.0000000000000000)
 mdl_I3x23 =          (2.99179516315497575E-004,0.0000000000000000)
 mdl_I3x31 =   (7.57835514776813383E-003,-2.97721095090890987E-003)
 mdl_I3x32 =         (-3.87519924676372821E-002,0.0000000000000000)
 mdl_I3x33 =               (0.94484439876629200,0.0000000000000000)
 mdl_I4x13 =   (2.94247341750777691E-005,-7.60138966189508980E-005)
 mdl_I4x23 =          (9.89412573641803173E-004,0.0000000000000000)
 mdl_I4x33 =          (2.41236867770117137E-002,0.0000000000000000)
 mdl_ee__exp__2 =    9.4835522759998875E-002
 mdl_sw__exp__2 =   0.22224648578577769     
 mdl_cw__exp__2 =   0.77775351421422245     
  Internal Params evaluated point by point
  ----------------------------------------
  
 mdl_sqrt__aS =   0.34351128074635334     
 mdl_G__exp__2 =    1.4828317324943823     
  Couplings of sm-full
  ---------------------------------
  
         GC_1 =  -0.00000E+00  -0.10265E+00
         GC_2 =   0.00000E+00   0.20530E+00
        GC_41 =   0.00000E+00   0.45018E+00
        GC_42 =   0.00000E+00   0.10407E+00
        GC_44 =  -0.00000E+00  -0.10407E+00
        GC_45 =   0.00000E+00   0.45018E+00
        GC_50 =  -0.00000E+00  -0.28804E+00
        GC_51 =   0.00000E+00   0.28804E+00
        GC_58 =  -0.00000E+00  -0.27437E-01
        GC_69 =  -0.00000E+00  -0.19038E+03
        GC_72 =   0.00000E+00   0.52532E+02
        GC_81 =   0.00000E+00   0.67544E+02
        GC_84 =  -0.00000E+00  -0.51580E-02
       GC_100 =   0.00000E+00   0.45018E+00
       GC_101 =   0.00000E+00   0.10407E+00
       GC_103 =   0.00000E+00  -0.10407E+00
       GC_104 =   0.00000E+00   0.45018E+00

 Collider parameters:
 --------------------

 Running at P P   machine @    13000.000000000000       GeV
 PDF set = nn23lo1
 alpha_s(Mz)= 0.1300 running at 2 loops.
 alpha_s(Mz)= 0.1300 running at 2 loops.
 Renormalization scale set on event-by-event basis
 Factorization   scale set on event-by-event basis


 getting user params
Enter number of events and max and min iterations: 
 Number of events and iterations         1000           5           3
Enter desired fractional accuracy: 
 Desired fractional accuracy:   0.10000000000000001     
Enter 0 for fixed, 2 for adjustable grid: 
Suppress amplitude (0 no, 1 yes)? 
 Using suppressed amplitude.
Exact helicity sum (0 yes, n = number/event)? 
 Explicitly summing over helicities
Enter Configuration Number: 
Running Configuration Number:    6
 Not subdividing B.W.
 Attempting mappinvarients           1           5
 Determine nb_t
 T-channel found:            1
 Completed mapping           5
 about to integrate            7        1000           5           3           7           1
 Using non-zero grid deformation.
  7 dimensions   1000 events  7 invarients  5 iterations  1 config(s),  (0.99)
 Using h-tuple random number sequence.
 Error opening grid
 Using Uniform Grid!          20
 Using uniform alpha   1.0000000000000000     
 Grid defined OK
 Masses: 0.000E+00 0.000E+00 0.125E+03 0.127E+01 0.127E+01
 Set CM energy to      13000.00
 Mapping Graph           6  to config           6
 Determine nb_t
 T-channel found:            1
Setting grid   1    0.94344E-04   1
Setting grid   2    0.23669E-05   1
 Transforming s_hat 1/s            6   1.6109467455621305E-004   16266.451599999999        168999999.99999997     
Using random seed offsets     6 :      5
  with seed                   24
 Ranmar initialization seeds       31064        9402
 
 ********************************************
 * You are using the DiscreteSampler module *
 *      part of the MG5_aMC framework       *
 *         Author: Valentin Hirschi         *
 ********************************************
 
  Particle       3       4       5
      Et >     0.0    20.0    20.0
       E >     0.0     0.0     0.0
     Eta <    -1.0     5.0     5.0
   xqcut:      0.0     0.0     0.0
d R # 3  >    -0.0     0.0     0.0
d R # 4  >    -0.0    -0.0     0.4
s min # 3>     0.0 15944.1     0.0
s min # 4>     0.0     0.0     0.0
xqcutij # 3>     0.0     0.0     0.0
xqcutij # 4>     0.0     0.0     0.0
 alpha_s for scale    64.595204384745344       is   0.13795006525313144     
 RESET CUMULATIVE VARIABLE
 Iteration  1   Mean: 0.3047E-03 Abs mean: 0.3047E-03   Fluctuation:  0.575E-04   0.361E-01    31.4%
  1    0.3047E-03 0.3047E-03 +- 0.5750E-04      5.97
 Writing out events   1.9381415508199416E-007   5.9665714527914631     
 Relative summed weights:
  0.1797E+00  0.1551E+00  0.1724E+00  0.4028E+00  0.0000E+00  0.0000E+00  0.4158E-01  0.4140E-01  0.2607E-02  0.4412E-02
 Relative number of events:
  0.1625E+00  0.1457E+00  0.2527E+00  0.2636E+00  0.0000E+00  0.0000E+00  0.7037E-01  0.6046E-01  0.2676E-01  0.1784E-01
 Events:
         164         147         255         266           0           0          71          61          27          18
 Iteration  2   Mean: 0.6209E-03 Abs mean: 0.6209E-03   Fluctuation:  0.167E-03   0.277E+00    56.9%
  2    0.6209E-03 0.6209E-03 +- 0.1666E-03     12.00
 Relative summed weights:
  0.2048E+00  0.5656E+00  0.1123E+00  0.7569E-01  0.0000E+00  0.0000E+00  0.1209E-01  0.2103E-01  0.3681E-02  0.4879E-02
 Relative number of events:
  0.1640E+00  0.1760E+00  0.2745E+00  0.2285E+00  0.0000E+00  0.0000E+00  0.5700E-01  0.5950E-01  0.2000E-01  0.2050E-01
 Events:
         328         352         549         457           0           0         114         119          40          41
 Iteration  3   Mean: 0.8194E-03 Abs mean: 0.8194E-03   Fluctuation:  0.136E-03   0.322E+00    64.1%
  3    0.8194E-03 0.8194E-03 +- 0.1364E-03     10.53
 Relative summed weights:
  0.2230E+00  0.5933E+00  0.6597E-01  0.8113E-01  0.0000E+00  0.0000E+00  0.1736E-01  0.8225E-02  0.3881E-02  0.7205E-02
 Relative number of events:
  0.1693E+00  0.1758E+00  0.2511E+00  0.2411E+00  0.0000E+00  0.0000E+00  0.6302E-01  0.5926E-01  0.2201E-01  0.1850E-01
 Events:
         677         703        1004         964           0           0         252         237          88          74
 Accuracy:    0.274   0.100   0.113   5.844
 Found          290  events.
 Wrote           15  events.
 Actual xsec    5.9894355262465491E-004
 Correct abs xsec    5.9894355268850792E-004
 Event xsec    5.9894355268850781E-004
 Events wgts > 1:            2
 % Cross section > 1:    2.2246206481842180E-006  0.37142409133522719     
 Iteration  4   Mean: 0.7110E-03 Abs mean: 0.7110E-03   Fluctuation:  0.572E-04   0.143E+00    67.8%
  4    0.7110E-03 0.7110E-03 +- 0.5722E-04      7.20
 Relative summed weights:
  0.4067E+00  0.3577E+00  0.1011E+00  0.1008E+00  0.0000E+00  0.0000E+00  0.1418E-01  0.1225E-01  0.3224E-02  0.4065E-02
 Relative number of events:
  0.1670E+00  0.1829E+00  0.2434E+00  0.2420E+00  0.0000E+00  0.0000E+00  0.6513E-01  0.6175E-01  0.1850E-01  0.1937E-01
 Events:
        1336        1463        1947        1936           0           0         521         494         148         155
 Accuracy:    0.124   0.100   0.066   3.561
 Found          473  events.
 Wrote           44  events.
 Actual xsec    7.2402173042788304E-004
 Correct abs xsec    7.2402173045227314E-004
 Event xsec    7.2402173045227228E-004
 Events wgts > 1:            3
 % Cross section > 1:    3.1878734354745255E-006  0.44030079504425473     
 Iteration  5   Mean: 0.7279E-03 Abs mean: 0.7279E-03   Fluctuation:  0.461E-04   0.259E+00    67.2%
  5    0.7279E-03 0.7279E-03 +- 0.4606E-04      8.00
 Relative summed weights:
  0.3682E+00  0.4128E+00  0.9202E-01  0.9181E-01  0.0000E+00  0.0000E+00  0.1204E-01  0.1500E-01  0.4541E-02  0.3570E-02
 Relative number of events:
  0.1681E+00  0.1777E+00  0.2377E+00  0.2440E+00  0.0000E+00  0.0000E+00  0.6488E-01  0.6644E-01  0.2125E-01  0.2000E-01
 Events:
        2689        2843        3803        3904           0           0        1038        1063         340         320
 Accuracy:    0.074   0.100   0.046   2.642
 Finished due to accuracy    7.4017349338066488E-002  0.10000000000000001     

 -------------------------------------------------------------------------------
 Accumulated results:   Integral =  0.7016E-03
                        Std dev  =  0.3195E-04
                       Cross sec =  0.7016E-03
             Chi**2 per DoF.     =      2.6419
 -------------------------------------------------------------------------------
 Found         1115  events.
 Wrote           40  events.
 Actual xsec    7.2944903102928219E-004
 Correct abs xsec    7.2944903104060614E-004
 Event xsec    7.2944903104060603E-004
 Events wgts > 1:            2
 % Cross section > 1:    1.7445739829499238E-007   2.3916324632869506E-002
-------------------------------------------------
---------------------------
 Results Last   3 iters: Integral =   0.7294E-03
                     Abs integral =   0.7294E-03
                          Std dev =   0.3477E-04
                  Chi**2 per DoF. =      0.2702
-------------------------------------------------
---------------------------
 Status  0.10000000000000001                6           5

ls status:
events.lhe
ftn26
input_app.txt
results.dat
run1_app.log
