 Process in group number            1
 A PDF is used, so alpha_s(MZ) is going to be modified
 Old value of alpha_s from param_card:   0.13000000000000003     
  ****************************************
 
       NNPDFDriver version 1.0.3
   Grid: NNPDF23_lo_as_0130_qed_mem0.grid
  ****************************************
 New value of alpha_s from PDF nn23lo1:  0.13000000000000000     
 Define smin to   1600.0000000000000     
 Define smin to   1600.0000000000000     
 Define smin to   1600.0000000000000     
 Define smin to   1600.0000000000000     
 Define smin to   1600.0000000000000     
 Warning: pt or E min of a jet should in general be >0
 Warning: pt or E min of a jet should in general be >0
 *****************************************************
 *               MadGraph/MadEvent                   *
 *        --------------------------------           *
 *          http://madgraph.hep.uiuc.edu             *
 *          http://madgraph.phys.ucl.ac.be           *
 *          http://madgraph.roma2.infn.it            *
 *        --------------------------------           *
 *                                                   *
 *          PARAMETER AND COUPLING VALUES            *
 *                                                   *
 *****************************************************

  External Params
  ---------------------------------
  
 aEWM1 =    132.50700000000001     
 mdl_Gf =    1.1663900000000000E-005
 aS =   0.13000000000000003     
 mdl_lamWS =   0.22530000000000000     
 mdl_AWS =   0.80800000000000005     
 mdl_rhoWS =   0.13200000000000001     
 mdl_etaWS =   0.34100000000000003     
 mdl_ymc =    1.2700000000000000     
 mdl_ymb =    4.2000000000000002     
 mdl_ymt =    164.50000000000000     
 mdl_yme =    5.1099999999999995E-004
 mdl_ymm =   0.10566000000000000     
 mdl_ymtau =    1.7769999999999999     
 mdl_MZ =    91.188000000000002     
 mdl_MC =    1.2700000000000000     
 mdl_MT =    172.00000000000000     
 mdl_MB =    4.7000000000000002     
 mdl_MH =    125.00000000000000     
 mdl_Me =    5.1099999999999995E-004
 mdl_MM =   0.10566000000000000     
 mdl_MTA =    1.7769999999999999     
 mdl_WZ =    2.4414039999999999     
 mdl_WW =    2.0476000000000001     
 mdl_WT =    1.5083359999999999     
 mdl_WH =    6.3823389999999999E-003
 mdl_WTau =    2.2699999999999998E-012
  Internal Params
  ---------------------------------
  
 mdl_lamWS__exp__2 =    5.0760090000000001E-002
 mdl_CKM1x1 =               (0.97461995499999998,0.0000000000000000)
 mdl_CKM1x2 =               (0.22530000000000000,0.0000000000000000)
 mdl_complexi =                (0.0000000000000000,1.0000000000000000)
 mdl_lamWS__exp__3 =    1.1436248277000001E-002
 mdl_CKM1x3 =   (1.21974449623171223E-003,-3.15100661526525631E-003)
 mdl_CKM2x1 =              (-0.22530000000000000,0.0000000000000000)
 mdl_CKM2x2 =               (0.97461995499999998,0.0000000000000000)
 mdl_CKM2x3 =          (4.10141527200000022E-002,0.0000000000000000)
 mdl_CKM3x1 =   (8.02074411158428847E-003,-3.15100661526525631E-003)
 mdl_CKM3x2 =         (-4.10141527200000022E-002,0.0000000000000000)
 mdl_CKM3x3 =                (1.0000000000000000,0.0000000000000000)
 mdl_MZ__exp__2 =    8315.2513440000002     
 mdl_MZ__exp__4 =    69143404.913893804     
 mdl_sqrt__2 =    1.4142135623730951     
 mdl_MH__exp__2 =    15625.000000000000     
 mdl_conjg__CKM1x3 =    (1.21974449623171223E-003,3.15100661526525631E-003)
 mdl_conjg__CKM2x3 =         (4.10141527200000022E-002,-0.0000000000000000)
 mdl_conjg__CKM3x3 =               (1.0000000000000000,-0.0000000000000000)
 mdl_conjg__CKM2x1 =             (-0.22530000000000000,-0.0000000000000000)
 mdl_conjg__CKM3x1 =    (8.02074411158428847E-003,3.15100661526525631E-003)
 mdl_conjg__CKM2x2 =              (0.97461995499999998,-0.0000000000000000)
 mdl_conjg__CKM3x2 =        (-4.10141527200000022E-002,-0.0000000000000000)
 mdl_conjg__CKM1x1 =              (0.97461995499999998,-0.0000000000000000)
 mdl_conjg__CKM1x2 =              (0.22530000000000000,-0.0000000000000000)
 mdl_aEW =    7.5467711139788835E-003
 mdl_MW =    80.419002445756163     
 mdl_sqrt__aEW =    8.6872153846781555E-002
 mdl_ee =   0.30795376724436879     
 mdl_MW__exp__2 =    6467.2159543705357     
 mdl_sw2 =   0.22224648578577766     
 mdl_cw =   0.88190334743339216     
 mdl_sqrt__sw2 =   0.47143025548407230     
 mdl_sw =   0.47143025548407230     
 mdl_g1 =   0.34919219678733299     
 mdl_gw =   0.65323293034757990     
 mdl_vev =    246.21845810181637     
 mdl_vev__exp__2 =    60623.529110035903     
 mdl_lam =   0.12886910601690263     
 mdl_yb =    2.4123686777011714E-002
 mdl_yc =    7.2945433825725896E-003
 mdl_ye =    2.9350485578697581E-006
 mdl_ym =    6.0688303449025181E-004
 mdl_yt =   0.94484439876629200     
 mdl_ytau =    1.0206617000654717E-002
 mdl_muH =    88.388347648318430     
 mdl_I1x31 =    (2.94247341750777691E-005,7.60138966189508980E-005)
 mdl_I1x32 =          (9.89412573641803173E-004,0.0000000000000000)
 mdl_I1x33 =          (2.41236867770117137E-002,0.0000000000000000)
 mdl_I2x12 =        (-1.64346062409360450E-003,-0.0000000000000000)
 mdl_I2x13 =    (7.57835514776813383E-003,2.97721095090890987E-003)
 mdl_I2x22 =          (7.10940754326844487E-003,0.0000000000000000)
 mdl_I2x23 =        (-3.87519924676372821E-002,-0.0000000000000000)
 mdl_I2x32 =          (2.99179516315497575E-004,0.0000000000000000)
 mdl_I2x33 =               (0.94484439876629200,0.0000000000000000)
 mdl_I3x21 =         (-1.64346062409360450E-003,0.0000000000000000)
 mdl_I3x22 =          (7.10940754326844487E-003,0.0000000000000000)
 mdl_I3x23 =          (2.99179516315497575E-004,0.0000000000000000)
 mdl_I3x31 =   (7.57835514776813383E-003,-2.97721095090890987E-003)
 mdl_I3x32 =         (-3.87519924676372821E-002,0.0000000000000000)
 mdl_I3x33 =               (0.94484439876629200,0.0000000000000000)
 mdl_I4x13 =   (2.94247341750777691E-005,-7.60138966189508980E-005)
 mdl_I4x23 =          (9.89412573641803173E-004,0.0000000000000000)
 mdl_I4x33 =          (2.41236867770117137E-002,0.0000000000000000)
 mdl_ee__exp__2 =    9.4835522759998875E-002
 mdl_sw__exp__2 =   0.22224648578577769     
 mdl_cw__exp__2 =   0.77775351421422245     
  Internal Params evaluated point by point
  ----------------------------------------
  
 mdl_sqrt__aS =   0.36055512754639896     
 mdl_G__exp__2 =    1.6336281798666927     
  Couplings of sm-full
  ---------------------------------
  
         GC_1 =  -0.00000E+00  -0.10265E+00
         GC_2 =   0.00000E+00   0.20530E+00
        GC_41 =   0.00000E+00   0.45018E+00
        GC_42 =   0.00000E+00   0.10407E+00
        GC_44 =  -0.00000E+00  -0.10407E+00
        GC_45 =   0.00000E+00   0.45018E+00
        GC_50 =  -0.00000E+00  -0.28804E+00
        GC_51 =   0.00000E+00   0.28804E+00
        GC_58 =  -0.00000E+00  -0.27437E-01
        GC_69 =  -0.00000E+00  -0.19038E+03
        GC_72 =   0.00000E+00   0.52532E+02
        GC_81 =   0.00000E+00   0.67544E+02
        GC_84 =  -0.00000E+00  -0.51580E-02
       GC_100 =   0.00000E+00   0.45018E+00
       GC_101 =   0.00000E+00   0.10407E+00
       GC_103 =   0.00000E+00  -0.10407E+00
       GC_104 =   0.00000E+00   0.45018E+00

 Collider parameters:
 --------------------

 Running at P P   machine @    13000.000000000000       GeV
 PDF set = nn23lo1
 alpha_s(Mz)= 0.1300 running at 2 loops.
 alpha_s(Mz)= 0.1300 running at 2 loops.
 Renormalization scale set on event-by-event basis
 Factorization   scale set on event-by-event basis


 getting user params
Enter number of events and max and min iterations: 
 Number of events and iterations         1000           5           3
Enter desired fractional accuracy: 
 Desired fractional accuracy:   0.10000000000000001     
Enter 0 for fixed, 2 for adjustable grid: 
Suppress amplitude (0 no, 1 yes)? 
 Using suppressed amplitude.
Exact helicity sum (0 yes, n = number/event)? 
 Explicitly summing over helicities
Enter Configuration Number: 
Running Configuration Number:    3
 Using dconfig=          26
 BW Setting            2           2           2           0
 Attempting mappinvarients           1           6
 Determine nb_t
 T-channel found:            0
 Completed mapping           6
 about to integrate           10        1000           5           3          10           1
 Using non-zero grid deformation.
 10 dimensions   1000 events 10 invarients  5 iterations  1 config(s),  (0.99)
 Using h-tuple random number sequence.
 Error opening grid
 Using Uniform Grid!          24
 Using uniform alpha   1.0000000000000000     
 Grid defined OK
 Masses: 0.127E+01 0.127E+01 0.127E+01 0.127E+01 0.000E+00 0.000E+00
 Set CM energy to      13000.00
 Mapping Graph           3  to config           3
 Determine nb_t
 T-channel found:            0
Setting grid   1    0.30296E-06   1
 Impossible BW configuration

ls status:
input_app.txt
results.dat
run1_app.log
