 Process in group number            1
 A PDF is used, so alpha_s(MZ) is going to be modified
 Old value of alpha_s from param_card:   0.13000000000000003     
  ****************************************
 
       NNPDFDriver version 1.0.3
   Grid: NNPDF23_lo_as_0130_qed_mem0.grid
  ****************************************
 New value of alpha_s from PDF nn23lo1:  0.13000000000000000     
 Define smin to   1600.0000000000000     
 Define smin to   1600.0000000000000     
 Define smin to   1600.0000000000000     
 Define smin to   1600.0000000000000     
 Define smin to   1600.0000000000000     
 Warning: pt or E min of a jet should in general be >0
 Warning: pt or E min of a jet should in general be >0
 *****************************************************
 *               MadGraph/MadEvent                   *
 *        --------------------------------           *
 *          http://madgraph.hep.uiuc.edu             *
 *          http://madgraph.phys.ucl.ac.be           *
 *          http://madgraph.roma2.infn.it            *
 *        --------------------------------           *
 *                                                   *
 *          PARAMETER AND COUPLING VALUES            *
 *                                                   *
 *****************************************************

  External Params
  ---------------------------------
  
 aEWM1 =    132.50700000000001     
 mdl_Gf =    1.1663900000000000E-005
 aS =   0.13000000000000003     
 mdl_lamWS =   0.22530000000000000     
 mdl_AWS =   0.80800000000000005     
 mdl_rhoWS =   0.13200000000000001     
 mdl_etaWS =   0.34100000000000003     
 mdl_ymc =    1.2700000000000000     
 mdl_ymb =    4.2000000000000002     
 mdl_ymt =    164.50000000000000     
 mdl_yme =    5.1099999999999995E-004
 mdl_ymm =   0.10566000000000000     
 mdl_ymtau =    1.7769999999999999     
 mdl_MZ =    91.188000000000002     
 mdl_MC =    1.2700000000000000     
 mdl_MT =    172.00000000000000     
 mdl_MB =    4.7000000000000002     
 mdl_MH =    125.00000000000000     
 mdl_Me =    5.1099999999999995E-004
 mdl_MM =   0.10566000000000000     
 mdl_MTA =    1.7769999999999999     
 mdl_WZ =    2.4414039999999999     
 mdl_WW =    2.0476000000000001     
 mdl_WT =    1.5083359999999999     
 mdl_WH =    6.3823389999999999E-003
 mdl_WTau =    2.2699999999999998E-012
  Internal Params
  ---------------------------------
  
 mdl_lamWS__exp__2 =    5.0760090000000001E-002
 mdl_CKM1x1 =               (0.97461995499999998,0.0000000000000000)
 mdl_CKM1x2 =               (0.22530000000000000,0.0000000000000000)
 mdl_complexi =                (0.0000000000000000,1.0000000000000000)
 mdl_lamWS__exp__3 =    1.1436248277000001E-002
 mdl_CKM1x3 =   (1.21974449623171223E-003,-3.15100661526525631E-003)
 mdl_CKM2x1 =              (-0.22530000000000000,0.0000000000000000)
 mdl_CKM2x2 =               (0.97461995499999998,0.0000000000000000)
 mdl_CKM2x3 =          (4.10141527200000022E-002,0.0000000000000000)
 mdl_CKM3x1 =   (8.02074411158428847E-003,-3.15100661526525631E-003)
 mdl_CKM3x2 =         (-4.10141527200000022E-002,0.0000000000000000)
 mdl_CKM3x3 =                (1.0000000000000000,0.0000000000000000)
 mdl_MZ__exp__2 =    8315.2513440000002     
 mdl_MZ__exp__4 =    69143404.913893804     
 mdl_sqrt__2 =    1.4142135623730951     
 mdl_MH__exp__2 =    15625.000000000000     
 mdl_conjg__CKM1x3 =    (1.21974449623171223E-003,3.15100661526525631E-003)
 mdl_conjg__CKM2x3 =         (4.10141527200000022E-002,-0.0000000000000000)
 mdl_conjg__CKM3x3 =               (1.0000000000000000,-0.0000000000000000)
 mdl_conjg__CKM2x1 =             (-0.22530000000000000,-0.0000000000000000)
 mdl_conjg__CKM3x1 =    (8.02074411158428847E-003,3.15100661526525631E-003)
 mdl_conjg__CKM2x2 =              (0.97461995499999998,-0.0000000000000000)
 mdl_conjg__CKM3x2 =        (-4.10141527200000022E-002,-0.0000000000000000)
 mdl_conjg__CKM1x1 =              (0.97461995499999998,-0.0000000000000000)
 mdl_conjg__CKM1x2 =              (0.22530000000000000,-0.0000000000000000)
 mdl_aEW =    7.5467711139788835E-003
 mdl_MW =    80.419002445756163     
 mdl_sqrt__aEW =    8.6872153846781555E-002
 mdl_ee =   0.30795376724436879     
 mdl_MW__exp__2 =    6467.2159543705357     
 mdl_sw2 =   0.22224648578577766     
 mdl_cw =   0.88190334743339216     
 mdl_sqrt__sw2 =   0.47143025548407230     
 mdl_sw =   0.47143025548407230     
 mdl_g1 =   0.34919219678733299     
 mdl_gw =   0.65323293034757990     
 mdl_vev =    246.21845810181637     
 mdl_vev__exp__2 =    60623.529110035903     
 mdl_lam =   0.12886910601690263     
 mdl_yb =    2.4123686777011714E-002
 mdl_yc =    7.2945433825725896E-003
 mdl_ye =    2.9350485578697581E-006
 mdl_ym =    6.0688303449025181E-004
 mdl_yt =   0.94484439876629200     
 mdl_ytau =    1.0206617000654717E-002
 mdl_muH =    88.388347648318430     
 mdl_I1x31 =    (2.94247341750777691E-005,7.60138966189508980E-005)
 mdl_I1x32 =          (9.89412573641803173E-004,0.0000000000000000)
 mdl_I1x33 =          (2.41236867770117137E-002,0.0000000000000000)
 mdl_I2x12 =        (-1.64346062409360450E-003,-0.0000000000000000)
 mdl_I2x13 =    (7.57835514776813383E-003,2.97721095090890987E-003)
 mdl_I2x22 =          (7.10940754326844487E-003,0.0000000000000000)
 mdl_I2x23 =        (-3.87519924676372821E-002,-0.0000000000000000)
 mdl_I2x32 =          (2.99179516315497575E-004,0.0000000000000000)
 mdl_I2x33 =               (0.94484439876629200,0.0000000000000000)
 mdl_I3x21 =         (-1.64346062409360450E-003,0.0000000000000000)
 mdl_I3x22 =          (7.10940754326844487E-003,0.0000000000000000)
 mdl_I3x23 =          (2.99179516315497575E-004,0.0000000000000000)
 mdl_I3x31 =   (7.57835514776813383E-003,-2.97721095090890987E-003)
 mdl_I3x32 =         (-3.87519924676372821E-002,0.0000000000000000)
 mdl_I3x33 =               (0.94484439876629200,0.0000000000000000)
 mdl_I4x13 =   (2.94247341750777691E-005,-7.60138966189508980E-005)
 mdl_I4x23 =          (9.89412573641803173E-004,0.0000000000000000)
 mdl_I4x33 =          (2.41236867770117137E-002,0.0000000000000000)
 mdl_ee__exp__2 =    9.4835522759998875E-002
 mdl_sw__exp__2 =   0.22224648578577769     
 mdl_cw__exp__2 =   0.77775351421422245     
  Internal Params evaluated point by point
  ----------------------------------------
  
 mdl_sqrt__aS =   0.36055512754639896     
 mdl_G__exp__2 =    1.6336281798666927     
  Couplings of sm-full
  ---------------------------------
  
         GC_1 =  -0.00000E+00  -0.10265E+00
         GC_2 =   0.00000E+00   0.20530E+00
        GC_41 =   0.00000E+00   0.45018E+00
        GC_42 =   0.00000E+00   0.10407E+00
        GC_44 =  -0.00000E+00  -0.10407E+00
        GC_45 =   0.00000E+00   0.45018E+00
        GC_50 =  -0.00000E+00  -0.28804E+00
        GC_51 =   0.00000E+00   0.28804E+00
        GC_58 =  -0.00000E+00  -0.27437E-01
        GC_69 =  -0.00000E+00  -0.19038E+03
        GC_72 =   0.00000E+00   0.52532E+02
        GC_81 =   0.00000E+00   0.67544E+02
        GC_84 =  -0.00000E+00  -0.51580E-02
       GC_100 =   0.00000E+00   0.45018E+00
       GC_101 =   0.00000E+00   0.10407E+00
       GC_103 =   0.00000E+00  -0.10407E+00
       GC_104 =   0.00000E+00   0.45018E+00

 Collider parameters:
 --------------------

 Running at P P   machine @    13000.000000000000       GeV
 PDF set = nn23lo1
 alpha_s(Mz)= 0.1300 running at 2 loops.
 alpha_s(Mz)= 0.1300 running at 2 loops.
 Renormalization scale set on event-by-event basis
 Factorization   scale set on event-by-event basis


 getting user params
Enter number of events and max and min iterations: 
 Number of events and iterations         1000           5           3
Enter desired fractional accuracy: 
 Desired fractional accuracy:   0.10000000000000001     
Enter 0 for fixed, 2 for adjustable grid: 
Suppress amplitude (0 no, 1 yes)? 
 Using suppressed amplitude.
Exact helicity sum (0 yes, n = number/event)? 
 Explicitly summing over helicities
Enter Configuration Number: 
Running Configuration Number:    7
 Not subdividing B.W.
 Attempting mappinvarients           1           6
 Determine nb_t
 T-channel found:            2
 Completed mapping           6
 about to integrate           10        1000           7           3          10           1
 Using non-zero grid deformation.
 10 dimensions   1000 events 10 invarients  7 iterations  1 config(s),  (0.99)
 Using h-tuple random number sequence.
 Error opening grid
 Using Uniform Grid!          24
 Using uniform alpha   1.0000000000000000     
 Grid defined OK
 Masses: 0.000E+00 0.000E+00 0.127E+01 0.127E+01 0.127E+01 0.127E+01
 Set CM energy to      13000.00
 Mapping Graph           7  to config           7
 Determine nb_t
 T-channel found:            2
 Setting BW          -1           1   125.00000000000000     
Setting grid   2    0.23669E-05   1
Setting grid   3    0.23669E-05   1
 Transforming s_hat 1/s            9   1.6090779045654737E-004   1600.0000000000000        168999999.99999997     
Using random seed offsets     7 :      4
  with seed                   24
 Ranmar initialization seeds       31065        9401
 
 ********************************************
 * You are using the DiscreteSampler module *
 *      part of the MG5_aMC framework       *
 *         Author: Valentin Hirschi         *
 ********************************************
 
  Particle       3       4       5       6
      Et >     0.0     0.0    20.0    20.0
       E >     0.0     0.0     0.0     0.0
     Eta <    -1.0    -1.0     5.0     5.0
   xqcut:      0.0     0.0     0.0     0.0
d R # 3  >    -0.0     0.0     0.0     0.0
d R # 4  >    -0.0    -0.0     0.0     0.0
d R # 5  >    -0.0    -0.0    -0.0     0.4
s min # 3>     0.0     6.5     6.5     0.0
s min # 4>     0.0     0.0     6.5     0.0
s min # 5>     0.0     0.0     0.0     0.0
xqcutij # 3>     0.0     0.0     0.0     0.0
xqcutij # 4>     0.0     0.0     0.0     0.0
xqcutij # 5>     0.0     0.0     0.0     0.0
 No cut BW           -1           1
 No cut BW           -3           2
 alpha_s for scale    39.471654270115351       is   0.15121358788360839     
 RESET CUMULATIVE VARIABLE
 Iteration  1   Mean: 0.2114E-01 Abs mean: 0.2114E-01   Fluctuation:  0.199E-01   0.199E+02    22.4%
  1    0.2114E-01 0.2114E-01 +- 0.1992E-01     29.80
 Writing out events   1.3483069076826645E-005   29.797574252206928     
 Relative summed weights:
  0.0000E+00  0.0000E+00  0.9413E+00  0.2326E-02  0.1133E-01  0.5882E-02  0.1679E-02  0.1879E-02  0.1953E-01  0.1611E-01
 Relative number of events:
  0.0000E+00  0.0000E+00  0.1984E-01  0.1687E-01  0.1052E+00  0.1101E+00  0.2778E-01  0.4365E-01  0.3562E+00  0.3204E+00
 Events:
           0           0          20          17         106         111          28          44         359         323
 Iteration  2   Mean: 0.7899E-03 Abs mean: 0.7899E-03   Fluctuation:  0.114E-03   0.110E+00    43.7%
  2    0.7899E-03 0.7899E-03 +- 0.1142E-03      6.47
 Relative summed weights:
  0.0000E+00  0.0000E+00  0.3193E-01  0.3098E-01  0.3245E-01  0.7059E-01  0.9912E-02  0.4009E-01  0.3162E+00  0.4679E+00
 Relative number of events:
  0.0000E+00  0.0000E+00  0.1500E-01  0.1650E-01  0.9000E-01  0.9300E-01  0.3050E-01  0.4150E-01  0.3645E+00  0.3490E+00
 Events:
           0           0          30          33         180         186          61          83         729         698
 Iteration  3   Mean: 0.1392E-02 Abs mean: 0.1392E-02   Fluctuation:  0.156E-03   0.383E+00    53.0%
  3    0.1392E-02 0.1392E-02 +- 0.1561E-03      7.09
 Relative summed weights:
  0.0000E+00  0.0000E+00  0.1127E+00  0.2132E-01  0.1068E+00  0.6738E-01  0.6349E-01  0.1352E-01  0.3017E+00  0.3131E+00
 Relative number of events:
  0.0000E+00  0.0000E+00  0.1625E-01  0.1325E-01  0.1098E+00  0.1115E+00  0.3500E-01  0.3225E-01  0.3448E+00  0.3372E+00
 Events:
           0           0          65          53         439         446         140         129        1379        1349
 Accuracy:    0.993   0.100   0.088 126.757
 Found          527  events.
 Wrote           17  events.
 Actual xsec    1.3413679130207827E-003
 Correct abs xsec    1.3413679130253214E-003
 Event xsec    1.3413679130253216E-003
 Events wgts > 1:            1
 % Cross section > 1:    4.0906300970231652E-012   3.0495959067614468E-007
 Iteration  4   Mean: 0.5487E-02 Abs mean: 0.5487E-02   Fluctuation:  0.289E-02   0.223E+02    55.7%
  4    0.5487E-02 0.5487E-02 +- 0.2889E-02     47.09
 Relative summed weights:
  0.0000E+00  0.0000E+00  0.4918E-01  0.7440E+00  0.2398E-01  0.2197E-01  0.8484E-02  0.1035E-01  0.6871E-01  0.7329E-01
 Relative number of events:
  0.0000E+00  0.0000E+00  0.1850E-01  0.1512E-01  0.1055E+00  0.1125E+00  0.3513E-01  0.3300E-01  0.3436E+00  0.3366E+00
 Events:
           0           0         148         121         844         900         281         264        2749        2693
 Accuracy:    0.785   0.100   0.087  81.367
 Found          889  events.
 Wrote            1  events.
 Actual xsec    1.2853319812305103E-003
 Correct abs xsec    1.2853319812305103E-003
 Event xsec    1.2853319812305103E-003
 Events wgts > 1:            1
 % Cross section > 1:    1.4882637114875530E-010   1.1578827363050334E-005
 Iteration  5   Mean: 0.1813E-02 Abs mean: 0.1813E-02   Fluctuation:  0.191E-03   0.143E+01    57.9%
  5    0.1813E-02 0.1813E-02 +- 0.1908E-03     13.31
 Relative summed weights:
  0.0000E+00  0.0000E+00  0.2354E+00  0.1448E+00  0.8426E-01  0.6503E-01  0.1600E-01  0.1652E-01  0.2216E+00  0.2163E+00
 Relative number of events:
  0.0000E+00  0.0000E+00  0.1650E-01  0.1631E-01  0.1056E+00  0.9919E-01  0.3488E-01  0.3456E-01  0.3455E+00  0.3475E+00
 Events:
           0           0         264         261        1689        1587         558         553        5528        5560
 Accuracy:    0.479   0.100   0.067  51.094
 Found          619  events.
 Wrote           23  events.
 Actual xsec    1.6966508015885111E-003
 Correct abs xsec    1.6966508015885111E-003
 Event xsec    1.6966508015885109E-003
 Events wgts > 1:            3
 % Cross section > 1:    2.8974346067185566E-006  0.17077377407335656     
 Iteration  6   Mean: 0.2243E-02 Abs mean: 0.2243E-02   Fluctuation:  0.411E-03   0.116E+02    59.1%
  6    0.2243E-02 0.2243E-02 +- 0.4110E-03     32.78
 Relative summed weights:
  0.0000E+00  0.0000E+00  0.3737E+00  0.9893E-01  0.5694E-01  0.5615E-01  0.1614E-01  0.1677E-01  0.1886E+00  0.1928E+00
 Relative number of events:
  0.0000E+00  0.0000E+00  0.1678E-01  0.1672E-01  0.1026E+00  0.1072E+00  0.3488E-01  0.3612E-01  0.3383E+00  0.3474E+00
 Events:
           0           0         537         535        3284        3431        1116        1156       10825       11116
 Accuracy:    0.388   0.100   0.063  38.031
 Found         3357  events.
 Wrote            6  events.
 Actual xsec    2.0237937849655321E-003
 Correct abs xsec    2.0237937849655321E-003
 Event xsec    2.0237937849655317E-003
 Events wgts > 1:            0
 % Cross section > 1:    0.0000000000000000        0.0000000000000000     
 Iteration  7   Mean: 0.2491E-02 Abs mean: 0.2491E-02   Fluctuation:  0.344E-03   0.170E+02    60.7%
  7    0.2491E-02 0.2491E-02 +- 0.3436E-03     34.90
 Relative summed weights:
  0.0000E+00  0.0000E+00  0.2717E+00  0.2581E+00  0.5292E-01  0.5596E-01  0.1505E-01  0.1513E-01  0.1646E+00  0.1666E+00
 Relative number of events:
  0.0000E+00  0.0000E+00  0.1733E-01  0.1770E-01  0.1110E+00  0.1138E+00  0.3395E-01  0.3567E-01  0.3336E+00  0.3369E+00
 Events:
           0           0        1109        1133        7106        7283        2173        2283       21352       21561
 Accuracy:    0.305   0.100   0.057  28.438
 Found         5561  events.
 Wrote           12  events.
 Actual xsec    2.0936503475437701E-003
 Correct abs xsec    2.0936503475437701E-003
 Event xsec    2.0936503475437692E-003
 Events wgts > 1:            0
 % Cross section > 1:    0.0000000000000000        0.0000000000000000     

 -------------------------------------------------------------------------------
 Accumulated results:   Integral =  0.1817E-02
                        Std dev  =  0.1040E-03
                       Cross sec =  0.1817E-02
             Chi**2 per DoF.     =     28.4382
 -------------------------------------------------------------------------------
-------------------------------------------------
---------------------------
 Results Last   3 iters: Integral =   0.2094E-02
                     Abs integral =   0.2094E-02
                          Std dev =   0.1593E-03
                  Chi**2 per DoF. =      1.8144
-------------------------------------------------
---------------------------
 Status  0.10000000000000001                8           7

ls status:
events.lhe
ftn26
input_app.txt
results.dat
run1_app.log
